INFO:     Will watch for changes in these directories: ['/Users/georginawager/Documents/DEV/dementia-companion/companion-backend']
INFO:     Uvicorn running on http://127.0.0.1:8001 (Press CTRL+C to quit)
INFO:     Started reloader process [62943] using StatReload
INFO:     Started server process [62958]
INFO:     Waiting for application startup.
Database connection failed: [Errno 8] nodename nor servname provided, or not known. Running without database.
INFO:     Companion API started
INFO:     Application startup complete.
WARNING:  StatReload detected changes in 'routers/messages.py'. Reloading...
INFO:     Shutting down
INFO:     Waiting for application shutdown.
INFO:     Application shutdown complete.
INFO:     Finished server process [62958]
INFO:     Started server process [89458]
INFO:     Waiting for application startup.
Database connection failed: [Errno 8] nodename nor servname provided, or not known. Running without database.
INFO:     Companion API started
INFO:     Application startup complete.
WARNING:  StatReload detected changes in 'routers/messages.py'. Reloading...
INFO:     Shutting down
INFO:     Waiting for application shutdown.
INFO:     Application shutdown complete.
INFO:     Finished server process [89458]
INFO:     Started server process [90057]
INFO:     Waiting for application startup.
Database connection failed: [Errno 8] nodename nor servname provided, or not known. Running without database.
INFO:     Companion API started
INFO:     Application startup complete.
WARNING:  StatReload detected changes in 'routers/messages.py'. Reloading...
INFO:     Shutting down
INFO:     Waiting for application shutdown.
INFO:     Application shutdown complete.
INFO:     Finished server process [90057]
INFO:     Started server process [90477]
INFO:     Waiting for application startup.
Database connection failed: [Errno 8] nodename nor servname provided, or not known. Running without database.
INFO:     Companion API started
INFO:     Application startup complete.
WARNING:  StatReload detected changes in 'routers/messages.py'. Reloading...
INFO:     Shutting down
INFO:     Waiting for application shutdown.
INFO:     Application shutdown complete.
INFO:     Finished server process [90477]
INFO:     Started server process [90631]
INFO:     Waiting for application startup.
Database connection failed: [Errno 8] nodename nor servname provided, or not known. Running without database.
INFO:     Companion API started
INFO:     Application startup complete.
WARNING:  StatReload detected changes in 'routers/messages.py'. Reloading...
INFO:     Shutting down
INFO:     Waiting for application shutdown.
INFO:     Application shutdown complete.
INFO:     Finished server process [90631]
INFO:     Started server process [90762]
INFO:     Waiting for application startup.
Database connection failed: [Errno 8] nodename nor servname provided, or not known. Running without database.
INFO:     Companion API started
INFO:     Application startup complete.
WARNING:  StatReload detected changes in 'routers/messages.py'. Reloading...
INFO:     Shutting down
INFO:     Waiting for application shutdown.
INFO:     Application shutdown complete.
INFO:     Finished server process [90762]
INFO:     Started server process [90806]
INFO:     Waiting for application startup.
Database connection failed: [Errno 8] nodename nor servname provided, or not known. Running without database.
INFO:     Companion API started
INFO:     Application startup complete.
WARNING:  StatReload detected changes in 'routers/messages.py'. Reloading...
INFO:     Shutting down
INFO:     Waiting for application shutdown.
INFO:     Application shutdown complete.
INFO:     Finished server process [90806]
INFO:     Started server process [90832]
INFO:     Waiting for application startup.
Database connection failed: [Errno 8] nodename nor servname provided, or not known. Running without database.
INFO:     Companion API started
INFO:     Application startup complete.
WARNING:  StatReload detected changes in 'routers/messages.py'. Reloading...
INFO:     Shutting down
INFO:     Waiting for application shutdown.
INFO:     Application shutdown complete.
INFO:     Finished server process [90832]
INFO:     Started server process [91230]
INFO:     Waiting for application startup.
Database connection failed: [Errno 8] nodename nor servname provided, or not known. Running without database.
INFO:     Companion API started
INFO:     Application startup complete.
WARNING:  StatReload detected changes in 'routers/routines.py'. Reloading...
INFO:     Shutting down
INFO:     Waiting for application shutdown.
INFO:     Application shutdown complete.
INFO:     Finished server process [91230]
Process SpawnProcess-10:
Traceback (most recent call last):
  File "/usr/local/Cellar/python@3.14/3.14.3_1/Frameworks/Python.framework/Versions/3.14/lib/python3.14/multiprocessing/process.py", line 320, in _bootstrap
    self.run()
    ~~~~~~~~^^
  File "/usr/local/Cellar/python@3.14/3.14.3_1/Frameworks/Python.framework/Versions/3.14/lib/python3.14/multiprocessing/process.py", line 108, in run
    self._target(*self._args, **self._kwargs)
    ~~~~~~~~~~~~^^^^^^^^^^^^^^^^^^^^^^^^^^^^^
  File "/Users/georginawager/Documents/DEV/dementia-companion/companion-backend/venv/lib/python3.14/site-packages/uvicorn/_subprocess.py", line 78, in subprocess_started
    target(sockets=sockets)
    ~~~~~~^^^^^^^^^^^^^^^^^
  File "/Users/georginawager/Documents/DEV/dementia-companion/companion-backend/venv/lib/python3.14/site-packages/uvicorn/server.py", line 62, in run
    return asyncio.run(self.serve(sockets=sockets))
           ~~~~~~~~~~~^^^^^^^^^^^^^^^^^^^^^^^^^^^^^
  File "/usr/local/Cellar/python@3.14/3.14.3_1/Frameworks/Python.framework/Versions/3.14/lib/python3.14/asyncio/runners.py", line 204, in run
    return runner.run(main)
           ~~~~~~~~~~^^^^^^
  File "/usr/local/Cellar/python@3.14/3.14.3_1/Frameworks/Python.framework/Versions/3.14/lib/python3.14/asyncio/runners.py", line 127, in run
    return self._loop.run_until_complete(task)
           ~~~~~~~~~~~~~~~~~~~~~~~~~~~~~^^^^^^
  File "/usr/local/Cellar/python@3.14/3.14.3_1/Frameworks/Python.framework/Versions/3.14/lib/python3.14/asyncio/base_events.py", line 719, in run_until_complete
    return future.result()
           ~~~~~~~~~~~~~^^
  File "/Users/georginawager/Documents/DEV/dementia-companion/companion-backend/venv/lib/python3.14/site-packages/uvicorn/server.py", line 69, in serve
    config.load()
    ~~~~~~~~~~~^^
  File "/Users/georginawager/Documents/DEV/dementia-companion/companion-backend/venv/lib/python3.14/site-packages/uvicorn/config.py", line 458, in load
    self.loaded_app = import_from_string(self.app)
                      ~~~~~~~~~~~~~~~~~~^^^^^^^^^^
  File "/Users/georginawager/Documents/DEV/dementia-companion/companion-backend/venv/lib/python3.14/site-packages/uvicorn/importer.py", line 24, in import_from_string
    raise exc from None
  File "/Users/georginawager/Documents/DEV/dementia-companion/companion-backend/venv/lib/python3.14/site-packages/uvicorn/importer.py", line 21, in import_from_string
    module = importlib.import_module(module_str)
  File "/usr/local/Cellar/python@3.14/3.14.3_1/Frameworks/Python.framework/Versions/3.14/lib/python3.14/importlib/__init__.py", line 88, in import_module
    return _bootstrap._gcd_import(name[level:], package, level)
           ~~~~~~~~~~~~~~~~~~~~~~^^^^^^^^^^^^^^^^^^^^^^^^^^^^^^
  File "<frozen importlib._bootstrap>", line 1398, in _gcd_import
  File "<frozen importlib._bootstrap>", line 1371, in _find_and_load
  File "<frozen importlib._bootstrap>", line 1342, in _find_and_load_unlocked
  File "<frozen importlib._bootstrap>", line 938, in _load_unlocked
  File "<frozen importlib._bootstrap_external>", line 759, in exec_module
  File "<frozen importlib._bootstrap>", line 491, in _call_with_frames_removed
  File "/Users/georginawager/Documents/DEV/dementia-companion/companion-backend/main.py", line 8, in <module>
    from routers import auth, messages, health_data, media, routines, medication, memories, games
  File "/Users/georginawager/Documents/DEV/dementia-companion/companion-backend/routers/__init__.py", line 5, in <module>
    from .routines import router as routines
  File "/Users/georginawager/Documents/DEV/dementia-companion/companion-backend/routers/routines.py", line 6, in <module>
    from services.weather import get_weather_description
ModuleNotFoundError: No module named 'services.weather'; 'services' is not a package
WARNING:  StatReload detected changes in 'routers/health_data.py'. Reloading...
Process SpawnProcess-11:
Traceback (most recent call last):
  File "/usr/local/Cellar/python@3.14/3.14.3_1/Frameworks/Python.framework/Versions/3.14/lib/python3.14/multiprocessing/process.py", line 320, in _bootstrap
    self.run()
    ~~~~~~~~^^
  File "/usr/local/Cellar/python@3.14/3.14.3_1/Frameworks/Python.framework/Versions/3.14/lib/python3.14/multiprocessing/process.py", line 108, in run
    self._target(*self._args, **self._kwargs)
    ~~~~~~~~~~~~^^^^^^^^^^^^^^^^^^^^^^^^^^^^^
  File "/Users/georginawager/Documents/DEV/dementia-companion/companion-backend/venv/lib/python3.14/site-packages/uvicorn/_subprocess.py", line 78, in subprocess_started
    target(sockets=sockets)
    ~~~~~~^^^^^^^^^^^^^^^^^
  File "/Users/georginawager/Documents/DEV/dementia-companion/companion-backend/venv/lib/python3.14/site-packages/uvicorn/server.py", line 62, in run
    return asyncio.run(self.serve(sockets=sockets))
           ~~~~~~~~~~~^^^^^^^^^^^^^^^^^^^^^^^^^^^^^
  File "/usr/local/Cellar/python@3.14/3.14.3_1/Frameworks/Python.framework/Versions/3.14/lib/python3.14/asyncio/runners.py", line 204, in run
    return runner.run(main)
           ~~~~~~~~~~^^^^^^
  File "/usr/local/Cellar/python@3.14/3.14.3_1/Frameworks/Python.framework/Versions/3.14/lib/python3.14/asyncio/runners.py", line 127, in run
    return self._loop.run_until_complete(task)
           ~~~~~~~~~~~~~~~~~~~~~~~~~~~~~^^^^^^
  File "/usr/local/Cellar/python@3.14/3.14.3_1/Frameworks/Python.framework/Versions/3.14/lib/python3.14/asyncio/base_events.py", line 719, in run_until_complete
    return future.result()
           ~~~~~~~~~~~~~^^
  File "/Users/georginawager/Documents/DEV/dementia-companion/companion-backend/venv/lib/python3.14/site-packages/uvicorn/server.py", line 69, in serve
    config.load()
    ~~~~~~~~~~~^^
  File "/Users/georginawager/Documents/DEV/dementia-companion/companion-backend/venv/lib/python3.14/site-packages/uvicorn/config.py", line 458, in load
    self.loaded_app = import_from_string(self.app)
                      ~~~~~~~~~~~~~~~~~~^^^^^^^^^^
  File "/Users/georginawager/Documents/DEV/dementia-companion/companion-backend/venv/lib/python3.14/site-packages/uvicorn/importer.py", line 24, in import_from_string
    raise exc from None
  File "/Users/georginawager/Documents/DEV/dementia-companion/companion-backend/venv/lib/python3.14/site-packages/uvicorn/importer.py", line 21, in import_from_string
    module = importlib.import_module(module_str)
  File "/usr/local/Cellar/python@3.14/3.14.3_1/Frameworks/Python.framework/Versions/3.14/lib/python3.14/importlib/__init__.py", line 88, in import_module
    return _bootstrap._gcd_import(name[level:], package, level)
           ~~~~~~~~~~~~~~~~~~~~~~^^^^^^^^^^^^^^^^^^^^^^^^^^^^^^
  File "<frozen importlib._bootstrap>", line 1398, in _gcd_import
  File "<frozen importlib._bootstrap>", line 1371, in _find_and_load
  File "<frozen importlib._bootstrap>", line 1342, in _find_and_load_unlocked
  File "<frozen importlib._bootstrap>", line 938, in _load_unlocked
  File "<frozen importlib._bootstrap_external>", line 759, in exec_module
  File "<frozen importlib._bootstrap>", line 491, in _call_with_frames_removed
  File "/Users/georginawager/Documents/DEV/dementia-companion/companion-backend/main.py", line 8, in <module>
    from routers import auth, messages, health_data, media, routines, medication, memories, games
  File "/Users/georginawager/Documents/DEV/dementia-companion/companion-backend/routers/__init__.py", line 5, in <module>
    from .routines import router as routines
  File "/Users/georginawager/Documents/DEV/dementia-companion/companion-backend/routers/routines.py", line 6, in <module>
    from services.weather import get_weather_description
ModuleNotFoundError: No module named 'services.weather'; 'services' is not a package
WARNING:  StatReload detected changes in 'routers/health_data.py'. Reloading...
Process SpawnProcess-12:
Traceback (most recent call last):
  File "/usr/local/Cellar/python@3.14/3.14.3_1/Frameworks/Python.framework/Versions/3.14/lib/python3.14/multiprocessing/process.py", line 320, in _bootstrap
    self.run()
    ~~~~~~~~^^
  File "/usr/local/Cellar/python@3.14/3.14.3_1/Frameworks/Python.framework/Versions/3.14/lib/python3.14/multiprocessing/process.py", line 108, in run
    self._target(*self._args, **self._kwargs)
    ~~~~~~~~~~~~^^^^^^^^^^^^^^^^^^^^^^^^^^^^^
  File "/Users/georginawager/Documents/DEV/dementia-companion/companion-backend/venv/lib/python3.14/site-packages/uvicorn/_subprocess.py", line 78, in subprocess_started
    target(sockets=sockets)
    ~~~~~~^^^^^^^^^^^^^^^^^
  File "/Users/georginawager/Documents/DEV/dementia-companion/companion-backend/venv/lib/python3.14/site-packages/uvicorn/server.py", line 62, in run
    return asyncio.run(self.serve(sockets=sockets))
           ~~~~~~~~~~~^^^^^^^^^^^^^^^^^^^^^^^^^^^^^
  File "/usr/local/Cellar/python@3.14/3.14.3_1/Frameworks/Python.framework/Versions/3.14/lib/python3.14/asyncio/runners.py", line 204, in run
    return runner.run(main)
           ~~~~~~~~~~^^^^^^
  File "/usr/local/Cellar/python@3.14/3.14.3_1/Frameworks/Python.framework/Versions/3.14/lib/python3.14/asyncio/runners.py", line 127, in run
    return self._loop.run_until_complete(task)
           ~~~~~~~~~~~~~~~~~~~~~~~~~~~~~^^^^^^
  File "/usr/local/Cellar/python@3.14/3.14.3_1/Frameworks/Python.framework/Versions/3.14/lib/python3.14/asyncio/base_events.py", line 719, in run_until_complete
    return future.result()
           ~~~~~~~~~~~~~^^
  File "/Users/georginawager/Documents/DEV/dementia-companion/companion-backend/venv/lib/python3.14/site-packages/uvicorn/server.py", line 69, in serve
    config.load()
    ~~~~~~~~~~~^^
  File "/Users/georginawager/Documents/DEV/dementia-companion/companion-backend/venv/lib/python3.14/site-packages/uvicorn/config.py", line 458, in load
    self.loaded_app = import_from_string(self.app)
                      ~~~~~~~~~~~~~~~~~~^^^^^^^^^^
  File "/Users/georginawager/Documents/DEV/dementia-companion/companion-backend/venv/lib/python3.14/site-packages/uvicorn/importer.py", line 21, in import_from_string
    module = importlib.import_module(module_str)
  File "/usr/local/Cellar/python@3.14/3.14.3_1/Frameworks/Python.framework/Versions/3.14/lib/python3.14/importlib/__init__.py", line 88, in import_module
    return _bootstrap._gcd_import(name[level:], package, level)
           ~~~~~~~~~~~~~~~~~~~~~~^^^^^^^^^^^^^^^^^^^^^^^^^^^^^^
  File "<frozen importlib._bootstrap>", line 1398, in _gcd_import
  File "<frozen importlib._bootstrap>", line 1371, in _find_and_load
  File "<frozen importlib._bootstrap>", line 1342, in _find_and_load_unlocked
  File "<frozen importlib._bootstrap>", line 938, in _load_unlocked
  File "<frozen importlib._bootstrap_external>", line 759, in exec_module
  File "<frozen importlib._bootstrap>", line 491, in _call_with_frames_removed
  File "/Users/georginawager/Documents/DEV/dementia-companion/companion-backend/main.py", line 8, in <module>
    from routers import auth, messages, health_data, media, routines, medication, memories, games
  File "/Users/georginawager/Documents/DEV/dementia-companion/companion-backend/routers/__init__.py", line 3, in <module>
    from .health_data import router as health_data
  File "/Users/georginawager/Documents/DEV/dementia-companion/companion-backend/routers/health_data.py", line 83
    import nest asyncio
                ^^^^^^^
SyntaxError: invalid syntax
WARNING:  StatReload detected changes in 'routers/health_data.py'. Reloading...
Process SpawnProcess-13:
Traceback (most recent call last):
  File "/usr/local/Cellar/python@3.14/3.14.3_1/Frameworks/Python.framework/Versions/3.14/lib/python3.14/multiprocessing/process.py", line 320, in _bootstrap
    self.run()
    ~~~~~~~~^^
  File "/usr/local/Cellar/python@3.14/3.14.3_1/Frameworks/Python.framework/Versions/3.14/lib/python3.14/multiprocessing/process.py", line 108, in run
    self._target(*self._args, **self._kwargs)
    ~~~~~~~~~~~~^^^^^^^^^^^^^^^^^^^^^^^^^^^^^
  File "/Users/georginawager/Documents/DEV/dementia-companion/companion-backend/venv/lib/python3.14/site-packages/uvicorn/_subprocess.py", line 78, in subprocess_started
    target(sockets=sockets)
    ~~~~~~^^^^^^^^^^^^^^^^^
  File "/Users/georginawager/Documents/DEV/dementia-companion/companion-backend/venv/lib/python3.14/site-packages/uvicorn/server.py", line 62, in run
    return asyncio.run(self.serve(sockets=sockets))
           ~~~~~~~~~~~^^^^^^^^^^^^^^^^^^^^^^^^^^^^^
  File "/usr/local/Cellar/python@3.14/3.14.3_1/Frameworks/Python.framework/Versions/3.14/lib/python3.14/asyncio/runners.py", line 204, in run
    return runner.run(main)
           ~~~~~~~~~~^^^^^^
  File "/usr/local/Cellar/python@3.14/3.14.3_1/Frameworks/Python.framework/Versions/3.14/lib/python3.14/asyncio/runners.py", line 127, in run
    return self._loop.run_until_complete(task)
           ~~~~~~~~~~~~~~~~~~~~~~~~~~~~~^^^^^^
  File "/usr/local/Cellar/python@3.14/3.14.3_1/Frameworks/Python.framework/Versions/3.14/lib/python3.14/asyncio/base_events.py", line 719, in run_until_complete
    return future.result()
           ~~~~~~~~~~~~~^^
  File "/Users/georginawager/Documents/DEV/dementia-companion/companion-backend/venv/lib/python3.14/site-packages/uvicorn/server.py", line 69, in serve
    config.load()
    ~~~~~~~~~~~^^
  File "/Users/georginawager/Documents/DEV/dementia-companion/companion-backend/venv/lib/python3.14/site-packages/uvicorn/config.py", line 458, in load
    self.loaded_app = import_from_string(self.app)
                      ~~~~~~~~~~~~~~~~~~^^^^^^^^^^
  File "/Users/georginawager/Documents/DEV/dementia-companion/companion-backend/venv/lib/python3.14/site-packages/uvicorn/importer.py", line 24, in import_from_string
    raise exc from None
  File "/Users/georginawager/Documents/DEV/dementia-companion/companion-backend/venv/lib/python3.14/site-packages/uvicorn/importer.py", line 21, in import_from_string
    module = importlib.import_module(module_str)
  File "/usr/local/Cellar/python@3.14/3.14.3_1/Frameworks/Python.framework/Versions/3.14/lib/python3.14/importlib/__init__.py", line 88, in import_module
    return _bootstrap._gcd_import(name[level:], package, level)
           ~~~~~~~~~~~~~~~~~~~~~~^^^^^^^^^^^^^^^^^^^^^^^^^^^^^^
  File "<frozen importlib._bootstrap>", line 1398, in _gcd_import
  File "<frozen importlib._bootstrap>", line 1371, in _find_and_load
  File "<frozen importlib._bootstrap>", line 1342, in _find_and_load_unlocked
  File "<frozen importlib._bootstrap>", line 938, in _load_unlocked
  File "<frozen importlib._bootstrap_external>", line 759, in exec_module
  File "<frozen importlib._bootstrap>", line 491, in _call_with_frames_removed
  File "/Users/georginawager/Documents/DEV/dementia-companion/companion-backend/main.py", line 8, in <module>
    from routers import auth, messages, health_data, media, routines, medication, memories, games
  File "/Users/georginawager/Documents/DEV/dementia-companion/companion-backend/routers/__init__.py", line 5, in <module>
    from .routines import router as routines
  File "/Users/georginawager/Documents/DEV/dementia-companion/companion-backend/routers/routines.py", line 6, in <module>
    from services.weather import get_weather_description
ModuleNotFoundError: No module named 'services.weather'; 'services' is not a package
WARNING:  StatReload detected changes in 'routers/health_data.py'. Reloading...
Process SpawnProcess-14:
Traceback (most recent call last):
  File "/usr/local/Cellar/python@3.14/3.14.3_1/Frameworks/Python.framework/Versions/3.14/lib/python3.14/multiprocessing/process.py", line 320, in _bootstrap
    self.run()
    ~~~~~~~~^^
  File "/usr/local/Cellar/python@3.14/3.14.3_1/Frameworks/Python.framework/Versions/3.14/lib/python3.14/multiprocessing/process.py", line 108, in run
    self._target(*self._args, **self._kwargs)
    ~~~~~~~~~~~~^^^^^^^^^^^^^^^^^^^^^^^^^^^^^
  File "/Users/georginawager/Documents/DEV/dementia-companion/companion-backend/venv/lib/python3.14/site-packages/uvicorn/_subprocess.py", line 78, in subprocess_started
    target(sockets=sockets)
    ~~~~~~^^^^^^^^^^^^^^^^^
  File "/Users/georginawager/Documents/DEV/dementia-companion/companion-backend/venv/lib/python3.14/site-packages/uvicorn/server.py", line 62, in run
    return asyncio.run(self.serve(sockets=sockets))
           ~~~~~~~~~~~^^^^^^^^^^^^^^^^^^^^^^^^^^^^^
  File "/usr/local/Cellar/python@3.14/3.14.3_1/Frameworks/Python.framework/Versions/3.14/lib/python3.14/asyncio/runners.py", line 204, in run
    return runner.run(main)
           ~~~~~~~~~~^^^^^^
  File "/usr/local/Cellar/python@3.14/3.14.3_1/Frameworks/Python.framework/Versions/3.14/lib/python3.14/asyncio/runners.py", line 127, in run
    return self._loop.run_until_complete(task)
           ~~~~~~~~~~~~~~~~~~~~~~~~~~~~~^^^^^^
  File "/usr/local/Cellar/python@3.14/3.14.3_1/Frameworks/Python.framework/Versions/3.14/lib/python3.14/asyncio/base_events.py", line 719, in run_until_complete
    return future.result()
           ~~~~~~~~~~~~~^^
  File "/Users/georginawager/Documents/DEV/dementia-companion/companion-backend/venv/lib/python3.14/site-packages/uvicorn/server.py", line 69, in serve
    config.load()
    ~~~~~~~~~~~^^
  File "/Users/georginawager/Documents/DEV/dementia-companion/companion-backend/venv/lib/python3.14/site-packages/uvicorn/config.py", line 458, in load
    self.loaded_app = import_from_string(self.app)
                      ~~~~~~~~~~~~~~~~~~^^^^^^^^^^
  File "/Users/georginawager/Documents/DEV/dementia-companion/companion-backend/venv/lib/python3.14/site-packages/uvicorn/importer.py", line 24, in import_from_string
    raise exc from None
  File "/Users/georginawager/Documents/DEV/dementia-companion/companion-backend/venv/lib/python3.14/site-packages/uvicorn/importer.py", line 21, in import_from_string
    module = importlib.import_module(module_str)
  File "/usr/local/Cellar/python@3.14/3.14.3_1/Frameworks/Python.framework/Versions/3.14/lib/python3.14/importlib/__init__.py", line 88, in import_module
    return _bootstrap._gcd_import(name[level:], package, level)
           ~~~~~~~~~~~~~~~~~~~~~~^^^^^^^^^^^^^^^^^^^^^^^^^^^^^^
  File "<frozen importlib._bootstrap>", line 1398, in _gcd_import
  File "<frozen importlib._bootstrap>", line 1371, in _find_and_load
  File "<frozen importlib._bootstrap>", line 1342, in _find_and_load_unlocked
  File "<frozen importlib._bootstrap>", line 938, in _load_unlocked
  File "<frozen importlib._bootstrap_external>", line 759, in exec_module
  File "<frozen importlib._bootstrap>", line 491, in _call_with_frames_removed
  File "/Users/georginawager/Documents/DEV/dementia-companion/companion-backend/main.py", line 8, in <module>
    from routers import auth, messages, health_data, media, routines, medication, memories, games
  File "/Users/georginawager/Documents/DEV/dementia-companion/companion-backend/routers/__init__.py", line 5, in <module>
    from .routines import router as routines
  File "/Users/georginawager/Documents/DEV/dementia-companion/companion-backend/routers/routines.py", line 6, in <module>
    from services.weather import get_weather_description
ModuleNotFoundError: No module named 'services.weather'; 'services' is not a package
WARNING:  StatReload detected changes in 'routers/health_data.py'. Reloading...
Process SpawnProcess-15:
Traceback (most recent call last):
  File "/usr/local/Cellar/python@3.14/3.14.3_1/Frameworks/Python.framework/Versions/3.14/lib/python3.14/multiprocessing/process.py", line 320, in _bootstrap
    self.run()
    ~~~~~~~~^^
  File "/usr/local/Cellar/python@3.14/3.14.3_1/Frameworks/Python.framework/Versions/3.14/lib/python3.14/multiprocessing/process.py", line 108, in run
    self._target(*self._args, **self._kwargs)
    ~~~~~~~~~~~~^^^^^^^^^^^^^^^^^^^^^^^^^^^^^
  File "/Users/georginawager/Documents/DEV/dementia-companion/companion-backend/venv/lib/python3.14/site-packages/uvicorn/_subprocess.py", line 78, in subprocess_started
    target(sockets=sockets)
    ~~~~~~^^^^^^^^^^^^^^^^^
  File "/Users/georginawager/Documents/DEV/dementia-companion/companion-backend/venv/lib/python3.14/site-packages/uvicorn/server.py", line 62, in run
    return asyncio.run(self.serve(sockets=sockets))
           ~~~~~~~~~~~^^^^^^^^^^^^^^^^^^^^^^^^^^^^^
  File "/usr/local/Cellar/python@3.14/3.14.3_1/Frameworks/Python.framework/Versions/3.14/lib/python3.14/asyncio/runners.py", line 204, in run
    return runner.run(main)
           ~~~~~~~~~~^^^^^^
  File "/usr/local/Cellar/python@3.14/3.14.3_1/Frameworks/Python.framework/Versions/3.14/lib/python3.14/asyncio/runners.py", line 127, in run
    return self._loop.run_until_complete(task)
           ~~~~~~~~~~~~~~~~~~~~~~~~~~~~~^^^^^^
  File "/usr/local/Cellar/python@3.14/3.14.3_1/Frameworks/Python.framework/Versions/3.14/lib/python3.14/asyncio/base_events.py", line 719, in run_until_complete
    return future.result()
           ~~~~~~~~~~~~~^^
  File "/Users/georginawager/Documents/DEV/dementia-companion/companion-backend/venv/lib/python3.14/site-packages/uvicorn/server.py", line 69, in serve
    config.load()
    ~~~~~~~~~~~^^
  File "/Users/georginawager/Documents/DEV/dementia-companion/companion-backend/venv/lib/python3.14/site-packages/uvicorn/config.py", line 458, in load
    self.loaded_app = import_from_string(self.app)
                      ~~~~~~~~~~~~~~~~~~^^^^^^^^^^
  File "/Users/georginawager/Documents/DEV/dementia-companion/companion-backend/venv/lib/python3.14/site-packages/uvicorn/importer.py", line 24, in import_from_string
    raise exc from None
  File "/Users/georginawager/Documents/DEV/dementia-companion/companion-backend/venv/lib/python3.14/site-packages/uvicorn/importer.py", line 21, in import_from_string
    module = importlib.import_module(module_str)
  File "/usr/local/Cellar/python@3.14/3.14.3_1/Frameworks/Python.framework/Versions/3.14/lib/python3.14/importlib/__init__.py", line 88, in import_module
    return _bootstrap._gcd_import(name[level:], package, level)
           ~~~~~~~~~~~~~~~~~~~~~~^^^^^^^^^^^^^^^^^^^^^^^^^^^^^^
  File "<frozen importlib._bootstrap>", line 1398, in _gcd_import
  File "<frozen importlib._bootstrap>", line 1371, in _find_and_load
  File "<frozen importlib._bootstrap>", line 1342, in _find_and_load_unlocked
  File "<frozen importlib._bootstrap>", line 938, in _load_unlocked
  File "<frozen importlib._bootstrap_external>", line 759, in exec_module
  File "<frozen importlib._bootstrap>", line 491, in _call_with_frames_removed
  File "/Users/georginawager/Documents/DEV/dementia-companion/companion-backend/main.py", line 8, in <module>
    from routers import auth, messages, health_data, media, routines, medication, memories, games
  File "/Users/georginawager/Documents/DEV/dementia-companion/companion-backend/routers/__init__.py", line 5, in <module>
    from .routines import router as routines
  File "/Users/georginawager/Documents/DEV/dementia-companion/companion-backend/routers/routines.py", line 6, in <module>
    from services.weather import get_weather_description
ModuleNotFoundError: No module named 'services.weather'; 'services' is not a package
WARNING:  StatReload detected changes in 'routers/health_data.py'. Reloading...
Process SpawnProcess-16:
Traceback (most recent call last):
  File "/usr/local/Cellar/python@3.14/3.14.3_1/Frameworks/Python.framework/Versions/3.14/lib/python3.14/multiprocessing/process.py", line 320, in _bootstrap
    self.run()
    ~~~~~~~~^^
  File "/usr/local/Cellar/python@3.14/3.14.3_1/Frameworks/Python.framework/Versions/3.14/lib/python3.14/multiprocessing/process.py", line 108, in run
    self._target(*self._args, **self._kwargs)
    ~~~~~~~~~~~~^^^^^^^^^^^^^^^^^^^^^^^^^^^^^
  File "/Users/georginawager/Documents/DEV/dementia-companion/companion-backend/venv/lib/python3.14/site-packages/uvicorn/_subprocess.py", line 78, in subprocess_started
    target(sockets=sockets)
    ~~~~~~^^^^^^^^^^^^^^^^^
  File "/Users/georginawager/Documents/DEV/dementia-companion/companion-backend/venv/lib/python3.14/site-packages/uvicorn/server.py", line 62, in run
    return asyncio.run(self.serve(sockets=sockets))
           ~~~~~~~~~~~^^^^^^^^^^^^^^^^^^^^^^^^^^^^^
  File "/usr/local/Cellar/python@3.14/3.14.3_1/Frameworks/Python.framework/Versions/3.14/lib/python3.14/asyncio/runners.py", line 204, in run
    return runner.run(main)
           ~~~~~~~~~~^^^^^^
  File "/usr/local/Cellar/python@3.14/3.14.3_1/Frameworks/Python.framework/Versions/3.14/lib/python3.14/asyncio/runners.py", line 127, in run
    return self._loop.run_until_complete(task)
           ~~~~~~~~~~~~~~~~~~~~~~~~~~~~~^^^^^^
  File "/usr/local/Cellar/python@3.14/3.14.3_1/Frameworks/Python.framework/Versions/3.14/lib/python3.14/asyncio/base_events.py", line 719, in run_until_complete
    return future.result()
           ~~~~~~~~~~~~~^^
  File "/Users/georginawager/Documents/DEV/dementia-companion/companion-backend/venv/lib/python3.14/site-packages/uvicorn/server.py", line 69, in serve
    config.load()
    ~~~~~~~~~~~^^
  File "/Users/georginawager/Documents/DEV/dementia-companion/companion-backend/venv/lib/python3.14/site-packages/uvicorn/config.py", line 458, in load
    self.loaded_app = import_from_string(self.app)
                      ~~~~~~~~~~~~~~~~~~^^^^^^^^^^
  File "/Users/georginawager/Documents/DEV/dementia-companion/companion-backend/venv/lib/python3.14/site-packages/uvicorn/importer.py", line 24, in import_from_string
    raise exc from None
  File "/Users/georginawager/Documents/DEV/dementia-companion/companion-backend/venv/lib/python3.14/site-packages/uvicorn/importer.py", line 21, in import_from_string
    module = importlib.import_module(module_str)
  File "/usr/local/Cellar/python@3.14/3.14.3_1/Frameworks/Python.framework/Versions/3.14/lib/python3.14/importlib/__init__.py", line 88, in import_module
    return _bootstrap._gcd_import(name[level:], package, level)
           ~~~~~~~~~~~~~~~~~~~~~~^^^^^^^^^^^^^^^^^^^^^^^^^^^^^^
  File "<frozen importlib._bootstrap>", line 1398, in _gcd_import
  File "<frozen importlib._bootstrap>", line 1371, in _find_and_load
  File "<frozen importlib._bootstrap>", line 1342, in _find_and_load_unlocked
  File "<frozen importlib._bootstrap>", line 938, in _load_unlocked
  File "<frozen importlib._bootstrap_external>", line 759, in exec_module
  File "<frozen importlib._bootstrap>", line 491, in _call_with_frames_removed
  File "/Users/georginawager/Documents/DEV/dementia-companion/companion-backend/main.py", line 8, in <module>
    from routers import auth, messages, health_data, media, routines, medication, memories, games
  File "/Users/georginawager/Documents/DEV/dementia-companion/companion-backend/routers/__init__.py", line 5, in <module>
    from .routines import router as routines
  File "/Users/georginawager/Documents/DEV/dementia-companion/companion-backend/routers/routines.py", line 6, in <module>
    from services.weather import get_weather_description
ModuleNotFoundError: No module named 'services.weather'; 'services' is not a package
